<?xml version="1.0" encoding="UTF-8"?>
<testng-results skipped="0" failed="0" ignored="0" total="1" passed="1">
  <reporter-output>
  </reporter-output>
  <suite name="SauceLab sample test - Android" duration-ms="45240" started-at="2019-08-06T07:31:47Z" finished-at="2019-08-06T07:32:32Z">
    <groups>
    </groups>
    <test name="Samsung Galaxy S8 GoogleAPI Emulator" duration-ms="45240" started-at="2019-08-06T07:31:47Z" finished-at="2019-08-06T07:32:32Z">
      <class name="com.test.mobile.SampleSauceTestAndroid">
        <test-method status="PASS" signature="sampleTest()[pri:0, instance:com.test.mobile.SampleSauceTestAndroid@366e2eef]" name="sampleTest" duration-ms="45216" started-at="2019-08-06T07:31:47Z" finished-at="2019-08-06T07:32:32Z">
          <reporter-output>
          </reporter-output>
        </test-method> <!-- sampleTest -->
      </class> <!-- com.test.mobile.SampleSauceTestAndroid -->
    </test> <!-- Samsung Galaxy S8 GoogleAPI Emulator -->
  </suite> <!-- SauceLab sample test - Android -->
</testng-results>
